CRF++: Yet Another CRF Tool Kit
Copyright (C) 2005-2008 Taku Kudo, All rights reserved.

reading training data: 100.. 200.. 300.. 400.. 500.. 600.. 700.. 800.. 900.. 1000.. 1100.. 1200.. 1300.. 1400.. 1500.. 1600.. 
Done!10.40 s

Number of sentences: 1600
Number of features:  2207527
Number of thread(s): 3
Freq:                1
eta:                 0.00010
C:                   1.00000
shrinking size:      20
iter=0 terr=0.11786 serr=0.97625 act=2207527 obj=886247.26420 diff=1.00000
iter=1 terr=0.11786 serr=0.97625 act=2207527 obj=458884.85663 diff=0.48222
iter=2 terr=0.11786 serr=0.97625 act=2207527 obj=467562.79610 diff=0.01891
iter=3 terr=0.11786 serr=0.97625 act=2207527 obj=216479.52263 diff=0.53700
iter=4 terr=0.11786 serr=0.97625 act=2207527 obj=194510.00688 diff=0.10149
iter=5 terr=0.24790 serr=0.99562 act=2207527 obj=484284.13327 diff=1.48976
iter=6 terr=0.11786 serr=0.97625 act=2207527 obj=162974.80710 diff=0.66347
iter=7 terr=0.09979 serr=0.97625 act=2207527 obj=149805.06083 diff=0.08081
iter=8 terr=0.10025 serr=0.97625 act=2207527 obj=128324.82076 diff=0.14339
iter=9 terr=0.09725 serr=0.97750 act=2207527 obj=109439.15545 diff=0.14717
iter=10 terr=0.09141 serr=0.97437 act=2207527 obj=91166.11066 diff=0.16697
iter=11 terr=0.11515 serr=0.98062 act=2207527 obj=88832.25167 diff=0.02560
iter=12 terr=0.09966 serr=0.97875 act=2207527 obj=75300.96545 diff=0.15232
iter=13 terr=0.09107 serr=0.97188 act=2207527 obj=72444.74686 diff=0.03793
iter=14 terr=0.09094 serr=0.97188 act=2207527 obj=68794.97716 diff=0.05038
iter=15 terr=0.50548 serr=0.99438 act=2207527 obj=202302.45018 diff=1.94066
iter=16 terr=0.09128 serr=0.97250 act=2207527 obj=63511.52597 diff=0.68606
iter=17 terr=0.11615 serr=0.97688 act=2207527 obj=66312.53775 diff=0.04410
iter=18 terr=0.09423 serr=0.97375 act=2207527 obj=61092.88513 diff=0.07871
iter=19 terr=0.09204 serr=0.97250 act=2207527 obj=59020.04921 diff=0.03393
iter=20 terr=0.09103 serr=0.97188 act=2207527 obj=55832.75199 diff=0.05400
iter=21 terr=0.08802 serr=0.96937 act=2207527 obj=52765.15517 diff=0.05494
iter=22 terr=0.08855 serr=0.96875 act=2207527 obj=51582.54904 diff=0.02241
iter=23 terr=0.08477 serr=0.96562 act=2207527 obj=50698.02391 diff=0.01715
iter=24 terr=0.08391 serr=0.96500 act=2207527 obj=50095.92687 diff=0.01188
iter=25 terr=0.08249 serr=0.96500 act=2207527 obj=48153.24078 diff=0.03878
iter=26 terr=0.08045 serr=0.96750 act=2207527 obj=45680.78573 diff=0.05135
iter=27 terr=0.08557 serr=0.97125 act=2207527 obj=45335.16386 diff=0.00757
iter=28 terr=0.08040 serr=0.96688 act=2207527 obj=44568.52363 diff=0.01691
iter=29 terr=0.07960 serr=0.96750 act=2207527 obj=43518.86380 diff=0.02355
iter=30 terr=0.07800 serr=0.96750 act=2207527 obj=41417.51636 diff=0.04829
iter=31 terr=0.07961 serr=0.96625 act=2207527 obj=40825.44931 diff=0.01430
iter=32 terr=0.07668 serr=0.96562 act=2207527 obj=39824.95991 diff=0.02451
iter=33 terr=0.07398 serr=0.96562 act=2207527 obj=38817.67468 diff=0.02529
iter=34 terr=0.07384 serr=0.96562 act=2207527 obj=38183.97568 diff=0.01633
iter=35 terr=0.07376 serr=0.96813 act=2207527 obj=37771.74413 diff=0.01080
iter=36 terr=0.07250 serr=0.96625 act=2207527 obj=37025.90899 diff=0.01975
iter=37 terr=0.07118 serr=0.96188 act=2207527 obj=36146.26874 diff=0.02376
iter=38 terr=0.07006 serr=0.96125 act=2207527 obj=35528.34303 diff=0.01710
iter=39 terr=0.06907 serr=0.95937 act=2207527 obj=34951.23020 diff=0.01624
iter=40 terr=0.08540 serr=0.96500 act=2207527 obj=36812.29957 diff=0.05325
iter=41 terr=0.06908 serr=0.95937 act=2207527 obj=34470.69027 diff=0.06361
iter=42 terr=0.06777 serr=0.95937 act=2207527 obj=33882.90180 diff=0.01705
iter=43 terr=0.06725 serr=0.95875 act=2207527 obj=33493.80053 diff=0.01148
iter=44 terr=0.06667 serr=0.95937 act=2207527 obj=32921.34162 diff=0.01709
iter=45 terr=0.06584 serr=0.95750 act=2207527 obj=32388.27095 diff=0.01619
iter=46 terr=0.06348 serr=0.95250 act=2207527 obj=31733.57187 diff=0.02021
iter=47 terr=0.06293 serr=0.95063 act=2207527 obj=31373.99594 diff=0.01133
iter=48 terr=0.06256 serr=0.94937 act=2207527 obj=31056.29894 diff=0.01013
iter=49 terr=0.06217 serr=0.94937 act=2207527 obj=30784.40154 diff=0.00875
iter=50 terr=0.06117 serr=0.95188 act=2207527 obj=30019.70091 diff=0.02484
iter=51 terr=0.06270 serr=0.95437 act=2207527 obj=29779.49488 diff=0.00800
iter=52 terr=0.06064 serr=0.95250 act=2207527 obj=29413.65811 diff=0.01228
iter=53 terr=0.06010 serr=0.94813 act=2207527 obj=29130.25505 diff=0.00964
iter=54 terr=0.05953 serr=0.94563 act=2207527 obj=28883.38583 diff=0.00847
iter=55 terr=0.05948 serr=0.94813 act=2207527 obj=28620.52733 diff=0.00910
iter=56 terr=0.05877 serr=0.94625 act=2207527 obj=28423.82518 diff=0.00687
iter=57 terr=0.05795 serr=0.94500 act=2207527 obj=28027.88697 diff=0.01393
iter=58 terr=0.05765 serr=0.94250 act=2207527 obj=27639.00175 diff=0.01387
iter=59 terr=0.05813 serr=0.94375 act=2207527 obj=27706.18630 diff=0.00243
iter=60 terr=0.05684 serr=0.94312 act=2207527 obj=27360.94485 diff=0.01246
iter=61 terr=0.05603 serr=0.94312 act=2207527 obj=26938.25709 diff=0.01545
iter=62 terr=0.05852 serr=0.94063 act=2207527 obj=27317.95446 diff=0.01410
iter=63 terr=0.05539 serr=0.93937 act=2207527 obj=26775.84567 diff=0.01984
iter=64 terr=0.05506 serr=0.94000 act=2207527 obj=26564.14893 diff=0.00791
iter=65 terr=0.05449 serr=0.93937 act=2207527 obj=26316.26398 diff=0.00933
iter=66 terr=0.05399 serr=0.94188 act=2207527 obj=25938.03787 diff=0.01437
iter=67 terr=0.05323 serr=0.94125 act=2207527 obj=25531.96390 diff=0.01566
iter=68 terr=0.05403 serr=0.94000 act=2207527 obj=25587.42738 diff=0.00217
iter=69 terr=0.05217 serr=0.93875 act=2207527 obj=25253.23558 diff=0.01306
iter=70 terr=0.05204 serr=0.93688 act=2207527 obj=24866.26566 diff=0.01532
iter=71 terr=0.05182 serr=0.93250 act=2207527 obj=24760.38762 diff=0.00426
iter=72 terr=0.05047 serr=0.93375 act=2207527 obj=24481.35850 diff=0.01127
iter=73 terr=0.05061 serr=0.93125 act=2207527 obj=24297.84766 diff=0.00750
iter=74 terr=0.05015 serr=0.93000 act=2207527 obj=24085.59665 diff=0.00874
iter=75 terr=0.04998 serr=0.93063 act=2207527 obj=23727.11082 diff=0.01488
iter=76 terr=0.04789 serr=0.92563 act=2207527 obj=23475.62810 diff=0.01060
iter=77 terr=0.04796 serr=0.92437 act=2207527 obj=23259.46132 diff=0.00921
iter=78 terr=0.04747 serr=0.92437 act=2207527 obj=23145.05970 diff=0.00492
iter=79 terr=0.04832 serr=0.92500 act=2207527 obj=22998.87776 diff=0.00632
iter=80 terr=0.04744 serr=0.92500 act=2207527 obj=22743.85481 diff=0.01109
iter=81 terr=0.04623 serr=0.92375 act=2207527 obj=22607.79303 diff=0.00598
iter=82 terr=0.04604 serr=0.92125 act=2207527 obj=22424.50349 diff=0.00811
iter=83 terr=0.04587 serr=0.92250 act=2207527 obj=22243.31162 diff=0.00808
iter=84 terr=0.04547 serr=0.92188 act=2207527 obj=22109.21956 diff=0.00603
iter=85 terr=0.04453 serr=0.92312 act=2207527 obj=21880.86705 diff=0.01033
iter=86 terr=0.04466 serr=0.92437 act=2207527 obj=21769.12033 diff=0.00511
iter=87 terr=0.04392 serr=0.92625 act=2207527 obj=21570.67382 diff=0.00912
iter=88 terr=0.04459 serr=0.92125 act=2207527 obj=21443.87917 diff=0.00588
iter=89 terr=0.04349 serr=0.92250 act=2207527 obj=21306.65393 diff=0.00640
iter=90 terr=0.04317 serr=0.92250 act=2207527 obj=21189.60968 diff=0.00549
iter=91 terr=0.04264 serr=0.91875 act=2207527 obj=20971.88923 diff=0.01027
iter=92 terr=0.04192 serr=0.91125 act=2207527 obj=20688.01086 diff=0.01354
iter=93 terr=0.04213 serr=0.90563 act=2207527 obj=20505.08321 diff=0.00884
iter=94 terr=0.04165 serr=0.90438 act=2207527 obj=20334.67818 diff=0.00831
iter=95 terr=0.04094 serr=0.90563 act=2207527 obj=20000.75711 diff=0.01642
iter=96 terr=0.04184 serr=0.90625 act=2207527 obj=19984.49964 diff=0.00081
iter=97 terr=0.04080 serr=0.90563 act=2207527 obj=19875.72167 diff=0.00544
iter=98 terr=0.04038 serr=0.90187 act=2207527 obj=19768.84836 diff=0.00538
iter=99 terr=0.04001 serr=0.89438 act=2207527 obj=19520.91076 diff=0.01254
iter=100 terr=0.03999 serr=0.89938 act=2207527 obj=19370.11077 diff=0.00773
iter=101 terr=0.03922 serr=0.89687 act=2207527 obj=19261.82865 diff=0.00559
iter=102 terr=0.03828 serr=0.89312 act=2207527 obj=19182.99994 diff=0.00409
iter=103 terr=0.03811 serr=0.89250 act=2207527 obj=19083.30333 diff=0.00520
iter=104 terr=0.03754 serr=0.89250 act=2207527 obj=18927.21484 diff=0.00818
iter=105 terr=0.04445 serr=0.90500 act=2207527 obj=19583.80679 diff=0.03469
iter=106 terr=0.03754 serr=0.89000 act=2207527 obj=18843.61488 diff=0.03780
iter=107 terr=0.03786 serr=0.89375 act=2207527 obj=18735.39944 diff=0.00574
iter=108 terr=0.03726 serr=0.89625 act=2207527 obj=18604.66541 diff=0.00698
iter=109 terr=0.03667 serr=0.89250 act=2207527 obj=18538.01908 diff=0.00358
iter=110 terr=0.03663 serr=0.89063 act=2207527 obj=18466.66544 diff=0.00385
iter=111 terr=0.03588 serr=0.88313 act=2207527 obj=18118.47755 diff=0.01885
iter=112 terr=0.03719 serr=0.88062 act=2207527 obj=18183.91843 diff=0.00361
iter=113 terr=0.03499 serr=0.87750 act=2207527 obj=17928.62247 diff=0.01404
iter=114 terr=0.03490 serr=0.87500 act=2207527 obj=17760.95423 diff=0.00935
iter=115 terr=0.03448 serr=0.87813 act=2207527 obj=17639.09884 diff=0.00686
iter=116 terr=0.03418 serr=0.87250 act=2207527 obj=17559.92874 diff=0.00449
iter=117 terr=0.03351 serr=0.86938 act=2207527 obj=17518.93988 diff=0.00233
iter=118 terr=0.03303 serr=0.86875 act=2207527 obj=17343.19265 diff=0.01003
iter=119 terr=0.03359 serr=0.87313 act=2207527 obj=17102.22861 diff=0.01389
iter=120 terr=0.03260 serr=0.86375 act=2207527 obj=16914.22496 diff=0.01099
iter=121 terr=0.03220 serr=0.86313 act=2207527 obj=16785.91297 diff=0.00759
iter=122 terr=0.03267 serr=0.86250 act=2207527 obj=16734.49967 diff=0.00306
iter=123 terr=0.03189 serr=0.86313 act=2207527 obj=16625.00735 diff=0.00654
iter=124 terr=0.03144 serr=0.85813 act=2207527 obj=16548.97240 diff=0.00457
iter=125 terr=0.03097 serr=0.86062 act=2207527 obj=16475.13654 diff=0.00446
iter=126 terr=0.03073 serr=0.85875 act=2207527 obj=16331.90011 diff=0.00869
iter=127 terr=0.03000 serr=0.85125 act=2207527 obj=16140.38026 diff=0.01173
iter=128 terr=0.02920 serr=0.83688 act=2207527 obj=16002.66856 diff=0.00853
iter=129 terr=0.02899 serr=0.83625 act=2207527 obj=15895.05800 diff=0.00672
iter=130 terr=0.02891 serr=0.83375 act=2207527 obj=15823.69512 diff=0.00449
iter=131 terr=0.02904 serr=0.83937 act=2207527 obj=15702.29415 diff=0.00767
iter=132 terr=0.02840 serr=0.83750 act=2207527 obj=15562.48890 diff=0.00890
iter=133 terr=0.02774 serr=0.83688 act=2207527 obj=15435.36392 diff=0.00817
iter=134 terr=0.02730 serr=0.83062 act=2207527 obj=15309.73873 diff=0.00814
iter=135 terr=0.02701 serr=0.81563 act=2207527 obj=15232.77147 diff=0.00503
iter=136 terr=0.02676 serr=0.82813 act=2207527 obj=15084.64839 diff=0.00972
iter=137 terr=0.02652 serr=0.82750 act=2207527 obj=15040.26259 diff=0.00294
iter=138 terr=0.02662 serr=0.82750 act=2207527 obj=14973.91116 diff=0.00441
iter=139 terr=0.02666 serr=0.82813 act=2207527 obj=14956.87091 diff=0.00114
iter=140 terr=0.02605 serr=0.82625 act=2207527 obj=14903.47798 diff=0.00357
iter=141 terr=0.02596 serr=0.82500 act=2207527 obj=14803.37428 diff=0.00672
iter=142 terr=0.02578 serr=0.82625 act=2207527 obj=14723.41921 diff=0.00540
iter=143 terr=0.02536 serr=0.82875 act=2207527 obj=14607.58611 diff=0.00787
iter=144 terr=0.02568 serr=0.80625 act=2207527 obj=14628.91690 diff=0.00146
iter=145 terr=0.02475 serr=0.81563 act=2207527 obj=14550.13471 diff=0.00539
iter=146 terr=0.02461 serr=0.81563 act=2207527 obj=14486.82330 diff=0.00435
iter=147 terr=0.02426 serr=0.81188 act=2207527 obj=14395.49821 diff=0.00630
iter=148 terr=0.02403 serr=0.80500 act=2207527 obj=14322.78431 diff=0.00505
iter=149 terr=0.02371 serr=0.80125 act=2207527 obj=14220.24574 diff=0.00716
iter=150 terr=0.02356 serr=0.79875 act=2207527 obj=14122.95158 diff=0.00684
iter=151 terr=0.02330 serr=0.79812 act=2207527 obj=14033.10904 diff=0.00636
iter=152 terr=0.02357 serr=0.79000 act=2207527 obj=14099.30174 diff=0.00472
iter=153 terr=0.02289 serr=0.79188 act=2207527 obj=13992.91133 diff=0.00755
iter=154 terr=0.02302 serr=0.79125 act=2207527 obj=13940.04676 diff=0.00378
iter=155 terr=0.02275 serr=0.79250 act=2207527 obj=13870.65536 diff=0.00498
iter=156 terr=0.02244 serr=0.79125 act=2207527 obj=13775.40649 diff=0.00687
iter=157 terr=0.02262 serr=0.78500 act=2207527 obj=13744.91336 diff=0.00221
iter=158 terr=0.02165 serr=0.78438 act=2207527 obj=13630.20622 diff=0.00835
iter=159 terr=0.02145 serr=0.77875 act=2207527 obj=13589.52158 diff=0.00298
iter=160 terr=0.02128 serr=0.77750 act=2207527 obj=13517.77653 diff=0.00528
iter=161 terr=0.02089 serr=0.76687 act=2207527 obj=13533.88765 diff=0.00119
iter=162 terr=0.02089 serr=0.76938 act=2207527 obj=13478.19001 diff=0.00412
iter=163 terr=0.02064 serr=0.77000 act=2207527 obj=13433.01292 diff=0.00335
iter=164 terr=0.02028 serr=0.76063 act=2207527 obj=13334.56570 diff=0.00733
iter=165 terr=0.02011 serr=0.75687 act=2207527 obj=13269.00374 diff=0.00492
iter=166 terr=0.01995 serr=0.75625 act=2207527 obj=13203.50190 diff=0.00494
iter=167 terr=0.01994 serr=0.75000 act=2207527 obj=13138.14282 diff=0.00495
iter=168 terr=0.01953 serr=0.74750 act=2207527 obj=13043.67396 diff=0.00719
iter=169 terr=0.02035 serr=0.76000 act=2207527 obj=13044.35571 diff=0.00005
iter=170 terr=0.01974 serr=0.74938 act=2207527 obj=13006.21130 diff=0.00292
iter=171 terr=0.01956 serr=0.74562 act=2207527 obj=12968.33106 diff=0.00291
iter=172 terr=0.01894 serr=0.74313 act=2207527 obj=12899.31491 diff=0.00532
iter=173 terr=0.01855 serr=0.74250 act=2207527 obj=12823.83446 diff=0.00585
iter=174 terr=0.01816 serr=0.74687 act=2207527 obj=12738.86208 diff=0.00663
iter=175 terr=0.01853 serr=0.74313 act=2207527 obj=12714.61691 diff=0.00190
iter=176 terr=0.01807 serr=0.73938 act=2207527 obj=12611.89040 diff=0.00808
iter=177 terr=0.01786 serr=0.73813 act=2207527 obj=12579.90349 diff=0.00254
iter=178 terr=0.01837 serr=0.73438 act=2207527 obj=12547.48225 diff=0.00258
iter=179 terr=0.01729 serr=0.73000 act=2207527 obj=12488.32924 diff=0.00471
iter=180 terr=0.01692 serr=0.72437 act=2207527 obj=12463.40006 diff=0.00200
iter=181 terr=0.01690 serr=0.71688 act=2207527 obj=12430.68054 diff=0.00263
iter=182 terr=0.01666 serr=0.71625 act=2207527 obj=12395.94799 diff=0.00279
iter=183 terr=0.01638 serr=0.71000 act=2207527 obj=12353.94309 diff=0.00339
iter=184 terr=0.01638 serr=0.70562 act=2207527 obj=12316.72557 diff=0.00301
iter=185 terr=0.01641 serr=0.70250 act=2207527 obj=12280.19831 diff=0.00297
iter=186 terr=0.01658 serr=0.70313 act=2207527 obj=12250.61309 diff=0.00241
iter=187 terr=0.01588 serr=0.69125 act=2207527 obj=12202.01104 diff=0.00397
iter=188 terr=0.01540 serr=0.68500 act=2207527 obj=12138.59312 diff=0.00520
iter=189 terr=0.01522 serr=0.68312 act=2207527 obj=12116.71355 diff=0.00180
iter=190 terr=0.01479 serr=0.67750 act=2207527 obj=12055.67087 diff=0.00504
iter=191 terr=0.01518 serr=0.68063 act=2207527 obj=12069.92518 diff=0.00118
iter=192 terr=0.01491 serr=0.67812 act=2207527 obj=12018.27188 diff=0.00428
iter=193 terr=0.01464 serr=0.67375 act=2207527 obj=11985.30493 diff=0.00274
iter=194 terr=0.01463 serr=0.66750 act=2207527 obj=11943.51188 diff=0.00349
iter=195 terr=0.01437 serr=0.67312 act=2207527 obj=11928.14994 diff=0.00129
iter=196 terr=0.01439 serr=0.67312 act=2207527 obj=11898.82244 diff=0.00246
iter=197 terr=0.01420 serr=0.67063 act=2207527 obj=11880.50310 diff=0.00154
iter=198 terr=0.01403 serr=0.66812 act=2207527 obj=11855.85950 diff=0.00207
iter=199 terr=0.01407 serr=0.66750 act=2207527 obj=11807.68431 diff=0.00406
iter=200 terr=0.01373 serr=0.66187 act=2207527 obj=11762.70310 diff=0.00381
iter=201 terr=0.01376 serr=0.66063 act=2207527 obj=11736.68937 diff=0.00221
iter=202 terr=0.01354 serr=0.65625 act=2207527 obj=11707.69350 diff=0.00247
iter=203 terr=0.01308 serr=0.64500 act=2207527 obj=11654.67383 diff=0.00453
iter=204 terr=0.01301 serr=0.65125 act=2207527 obj=11616.02999 diff=0.00332
iter=205 terr=0.01297 serr=0.64812 act=2207527 obj=11594.64907 diff=0.00184
iter=206 terr=0.01284 serr=0.64563 act=2207527 obj=11584.55667 diff=0.00087
iter=207 terr=0.01272 serr=0.64375 act=2207527 obj=11566.44383 diff=0.00156
iter=208 terr=0.01281 serr=0.63938 act=2207527 obj=11537.85401 diff=0.00247
iter=209 terr=0.01272 serr=0.63500 act=2207527 obj=11506.37362 diff=0.00273
iter=210 terr=0.01258 serr=0.63875 act=2207527 obj=11481.79077 diff=0.00214
iter=211 terr=0.01237 serr=0.64000 act=2207527 obj=11441.92526 diff=0.00347
iter=212 terr=0.01202 serr=0.62250 act=2207527 obj=11435.16438 diff=0.00059
iter=213 terr=0.01191 serr=0.62875 act=2207527 obj=11409.19239 diff=0.00227
iter=214 terr=0.01166 serr=0.62875 act=2207527 obj=11393.77580 diff=0.00135
iter=215 terr=0.01171 serr=0.62375 act=2207527 obj=11372.99026 diff=0.00182
iter=216 terr=0.01205 serr=0.62438 act=2207527 obj=11370.40328 diff=0.00023
iter=217 terr=0.01149 serr=0.61250 act=2207527 obj=11331.57225 diff=0.00342
iter=218 terr=0.01147 serr=0.61250 act=2207527 obj=11320.93681 diff=0.00094
iter=219 terr=0.01139 serr=0.60625 act=2207527 obj=11311.09986 diff=0.00087
iter=220 terr=0.01150 serr=0.60688 act=2207527 obj=11294.74887 diff=0.00145
iter=221 terr=0.01134 serr=0.60188 act=2207527 obj=11283.86303 diff=0.00096
iter=222 terr=0.01116 serr=0.60313 act=2207527 obj=11245.49927 diff=0.00340
iter=223 terr=0.01115 serr=0.60125 act=2207527 obj=11226.47729 diff=0.00169
iter=224 terr=0.01106 serr=0.60313 act=2207527 obj=11212.74962 diff=0.00122
iter=225 terr=0.01173 serr=0.61562 act=2207527 obj=11220.48556 diff=0.00069
iter=226 terr=0.01116 serr=0.60500 act=2207527 obj=11201.95706 diff=0.00165
iter=227 terr=0.01110 serr=0.60750 act=2207527 obj=11182.53891 diff=0.00173
iter=228 terr=0.01100 serr=0.60500 act=2207527 obj=11159.55462 diff=0.00206
iter=229 terr=0.01122 serr=0.60500 act=2207527 obj=11142.40476 diff=0.00154
iter=230 terr=0.01120 serr=0.60062 act=2207527 obj=11113.15989 diff=0.00262
iter=231 terr=0.01160 serr=0.61500 act=2207527 obj=11127.38942 diff=0.00128
iter=232 terr=0.01118 serr=0.60250 act=2207527 obj=11098.72385 diff=0.00258
iter=233 terr=0.01108 serr=0.60438 act=2207527 obj=11079.22774 diff=0.00176
iter=234 terr=0.01105 serr=0.60375 act=2207527 obj=11064.06811 diff=0.00137
iter=235 terr=0.01091 serr=0.60062 act=2207527 obj=11047.58965 diff=0.00149
iter=236 terr=0.01071 serr=0.60062 act=2207527 obj=11027.80903 diff=0.00179
iter=237 terr=0.01051 serr=0.59437 act=2207527 obj=11002.91554 diff=0.00226
iter=238 terr=0.01076 serr=0.59188 act=2207527 obj=10986.13360 diff=0.00153
iter=239 terr=0.01065 serr=0.59000 act=2207527 obj=10971.29621 diff=0.00135
iter=240 terr=0.01057 serr=0.58250 act=2207527 obj=10954.16032 diff=0.00156
iter=241 terr=0.01036 serr=0.57937 act=2207527 obj=10940.96857 diff=0.00120
iter=242 terr=0.01048 serr=0.58625 act=2207527 obj=10927.71590 diff=0.00121
iter=243 terr=0.01029 serr=0.58625 act=2207527 obj=10920.03824 diff=0.00070
iter=244 terr=0.01040 serr=0.58750 act=2207527 obj=10909.83917 diff=0.00093
iter=245 terr=0.01028 serr=0.58188 act=2207527 obj=10887.06308 diff=0.00209
iter=246 terr=0.01012 serr=0.57063 act=2207527 obj=10884.57905 diff=0.00023
iter=247 terr=0.01013 serr=0.57500 act=2207527 obj=10872.20723 diff=0.00114
iter=248 terr=0.01010 serr=0.57188 act=2207527 obj=10851.74232 diff=0.00188
iter=249 terr=0.01016 serr=0.57625 act=2207527 obj=10840.96672 diff=0.00099
iter=250 terr=0.00991 serr=0.57000 act=2207527 obj=10823.67853 diff=0.00159
iter=251 terr=0.00985 serr=0.56125 act=2207527 obj=10808.38583 diff=0.00141
iter=252 terr=0.00981 serr=0.56063 act=2207527 obj=10795.10300 diff=0.00123
iter=253 terr=0.00976 serr=0.56063 act=2207527 obj=10782.18219 diff=0.00120
iter=254 terr=0.00969 serr=0.56125 act=2207527 obj=10771.98995 diff=0.00095
iter=255 terr=0.00952 serr=0.55500 act=2207527 obj=10752.89951 diff=0.00177
iter=256 terr=0.00958 serr=0.55563 act=2207527 obj=10740.70876 diff=0.00113
iter=257 terr=0.00934 serr=0.54937 act=2207527 obj=10728.65866 diff=0.00112
iter=258 terr=0.00930 serr=0.54625 act=2207527 obj=10721.57274 diff=0.00066
iter=259 terr=0.00927 serr=0.54500 act=2207527 obj=10716.28753 diff=0.00049
iter=260 terr=0.00927 serr=0.54125 act=2207527 obj=10701.71636 diff=0.00136
iter=261 terr=0.00927 serr=0.53938 act=2207527 obj=10682.62893 diff=0.00178
iter=262 terr=0.00916 serr=0.53812 act=2207527 obj=10667.79061 diff=0.00139
iter=263 terr=0.00919 serr=0.54500 act=2207527 obj=10651.40533 diff=0.00154
iter=264 terr=0.00924 serr=0.55000 act=2207527 obj=10643.25522 diff=0.00077
iter=265 terr=0.00914 serr=0.54812 act=2207527 obj=10631.32790 diff=0.00112
iter=266 terr=0.00929 serr=0.54563 act=2207527 obj=10611.22343 diff=0.00189
iter=267 terr=0.00918 serr=0.54000 act=2207527 obj=10592.17858 diff=0.00179
iter=268 terr=0.00905 serr=0.53687 act=2207527 obj=10576.32451 diff=0.00150
iter=269 terr=0.00892 serr=0.53625 act=2207527 obj=10565.76933 diff=0.00100
iter=270 terr=0.00887 serr=0.53563 act=2207527 obj=10558.45939 diff=0.00069
iter=271 terr=0.00888 serr=0.53750 act=2207527 obj=10550.35030 diff=0.00077
iter=272 terr=0.00883 serr=0.53375 act=2207527 obj=10540.65703 diff=0.00092
iter=273 terr=0.00907 serr=0.53750 act=2207527 obj=10537.61244 diff=0.00029
iter=274 terr=0.00868 serr=0.52438 act=2207527 obj=10513.77755 diff=0.00226
iter=275 terr=0.00862 serr=0.52063 act=2207527 obj=10508.10701 diff=0.00054
iter=276 terr=0.00861 serr=0.52000 act=2207527 obj=10501.17222 diff=0.00066
iter=277 terr=0.00861 serr=0.51875 act=2207527 obj=10491.71385 diff=0.00090
iter=278 terr=0.00870 serr=0.51125 act=2207527 obj=10492.47104 diff=0.00007
iter=279 terr=0.00854 serr=0.51187 act=2207527 obj=10481.74788 diff=0.00102
iter=280 terr=0.00859 serr=0.51438 act=2207527 obj=10469.22581 diff=0.00119
iter=281 terr=0.00856 serr=0.51313 act=2207527 obj=10459.75490 diff=0.00090
iter=282 terr=0.00856 serr=0.50750 act=2207527 obj=10450.35607 diff=0.00090
iter=283 terr=0.00894 serr=0.52625 act=2207527 obj=10476.81137 diff=0.00253
iter=284 terr=0.00844 serr=0.51187 act=2207527 obj=10442.60065 diff=0.00327
iter=285 terr=0.00836 serr=0.50125 act=2207527 obj=10430.02146 diff=0.00120
iter=286 terr=0.00820 serr=0.49500 act=2207527 obj=10423.02359 diff=0.00067
iter=287 terr=0.00816 serr=0.49250 act=2207527 obj=10416.68046 diff=0.00061
iter=288 terr=0.00816 serr=0.49562 act=2207527 obj=10407.05468 diff=0.00092
iter=289 terr=0.00812 serr=0.49312 act=2207527 obj=10393.29364 diff=0.00132
iter=290 terr=0.00808 serr=0.49312 act=2207527 obj=10384.99260 diff=0.00080
iter=291 terr=0.00801 serr=0.49438 act=2207527 obj=10380.88216 diff=0.00040
iter=292 terr=0.00803 serr=0.49438 act=2207527 obj=10377.86712 diff=0.00029
iter=293 terr=0.00803 serr=0.49062 act=2207527 obj=10372.14663 diff=0.00055
iter=294 terr=0.00804 serr=0.49125 act=2207527 obj=10365.10435 diff=0.00068
iter=295 terr=0.00810 serr=0.49312 act=2207527 obj=10354.70586 diff=0.00100
iter=296 terr=0.00780 serr=0.48500 act=2207527 obj=10348.17422 diff=0.00063
iter=297 terr=0.00796 serr=0.49188 act=2207527 obj=10335.48431 diff=0.00123
iter=298 terr=0.00800 serr=0.49250 act=2207527 obj=10329.65987 diff=0.00056
iter=299 terr=0.00796 serr=0.48750 act=2207527 obj=10325.01053 diff=0.00045
iter=300 terr=0.00795 serr=0.48250 act=2207527 obj=10316.57121 diff=0.00082
iter=301 terr=0.00793 serr=0.48000 act=2207527 obj=10306.84278 diff=0.00094
iter=302 terr=0.00777 serr=0.47625 act=2207527 obj=10299.33937 diff=0.00073
iter=303 terr=0.00777 serr=0.47563 act=2207527 obj=10293.80882 diff=0.00054
iter=304 terr=0.00780 serr=0.47687 act=2207527 obj=10290.88449 diff=0.00028
iter=305 terr=0.00773 serr=0.47563 act=2207527 obj=10288.10980 diff=0.00027
iter=306 terr=0.00774 serr=0.47625 act=2207527 obj=10281.72163 diff=0.00062
iter=307 terr=0.00775 serr=0.47625 act=2207527 obj=10275.47181 diff=0.00061
iter=308 terr=0.00783 serr=0.47500 act=2207527 obj=10268.74453 diff=0.00065
iter=309 terr=0.00769 serr=0.47750 act=2207527 obj=10263.21094 diff=0.00054
iter=310 terr=0.00766 serr=0.47563 act=2207527 obj=10260.19671 diff=0.00029
iter=311 terr=0.00764 serr=0.47500 act=2207527 obj=10256.57791 diff=0.00035
iter=312 terr=0.00757 serr=0.46937 act=2207527 obj=10253.41942 diff=0.00031
iter=313 terr=0.00752 serr=0.46687 act=2207527 obj=10250.55137 diff=0.00028
iter=314 terr=0.00749 serr=0.46875 act=2207527 obj=10240.89819 diff=0.00094
iter=315 terr=0.00761 serr=0.47063 act=2207527 obj=10233.34729 diff=0.00074
iter=316 terr=0.00744 serr=0.47000 act=2207527 obj=10227.88022 diff=0.00053
iter=317 terr=0.00754 serr=0.47000 act=2207527 obj=10224.43985 diff=0.00034
iter=318 terr=0.00753 serr=0.47187 act=2207527 obj=10220.89690 diff=0.00035
iter=319 terr=0.00745 serr=0.46375 act=2207527 obj=10216.11408 diff=0.00047
iter=320 terr=0.00751 serr=0.46875 act=2207527 obj=10211.05041 diff=0.00050
iter=321 terr=0.00740 serr=0.46500 act=2207527 obj=10204.97932 diff=0.00059
iter=322 terr=0.00744 serr=0.46687 act=2207527 obj=10201.02673 diff=0.00039
iter=323 terr=0.00737 serr=0.46813 act=2207527 obj=10195.74449 diff=0.00052
iter=324 terr=0.00743 serr=0.46500 act=2207527 obj=10189.85617 diff=0.00058
iter=325 terr=0.00745 serr=0.46563 act=2207527 obj=10184.13461 diff=0.00056
iter=326 terr=0.00725 serr=0.45687 act=2207527 obj=10183.74738 diff=0.00004
iter=327 terr=0.00734 serr=0.46125 act=2207527 obj=10179.54286 diff=0.00041
iter=328 terr=0.00720 serr=0.45750 act=2207527 obj=10173.92337 diff=0.00055
iter=329 terr=0.00720 serr=0.45750 act=2207527 obj=10171.56762 diff=0.00023
iter=330 terr=0.00710 serr=0.45563 act=2207527 obj=10155.79705 diff=0.00155
iter=331 terr=0.00749 serr=0.44125 act=2207527 obj=10182.91813 diff=0.00267
iter=332 terr=0.00720 serr=0.45000 act=2207527 obj=10152.96644 diff=0.00294
iter=333 terr=0.00716 serr=0.44813 act=2207527 obj=10150.26844 diff=0.00027
iter=334 terr=0.00693 serr=0.43750 act=2207527 obj=10140.48169 diff=0.00096
iter=335 terr=0.00708 serr=0.44250 act=2207527 obj=10131.72583 diff=0.00086
iter=336 terr=0.00702 serr=0.43750 act=2207527 obj=10126.58503 diff=0.00051
iter=337 terr=0.00704 serr=0.44188 act=2207527 obj=10121.71357 diff=0.00048
iter=338 terr=0.00700 serr=0.44125 act=2207527 obj=10118.82892 diff=0.00028
iter=339 terr=0.00695 serr=0.43750 act=2207527 obj=10114.56649 diff=0.00042
iter=340 terr=0.00695 serr=0.44062 act=2207527 obj=10105.41607 diff=0.00090
iter=341 terr=0.00723 serr=0.44875 act=2207527 obj=10124.46672 diff=0.00189
iter=342 terr=0.00702 serr=0.44250 act=2207527 obj=10102.12832 diff=0.00221
iter=343 terr=0.00696 serr=0.43750 act=2207527 obj=10096.37787 diff=0.00057
iter=344 terr=0.00696 serr=0.43812 act=2207527 obj=10093.58794 diff=0.00028
iter=345 terr=0.00691 serr=0.43125 act=2207527 obj=10092.84413 diff=0.00007
iter=346 terr=0.00693 serr=0.43250 act=2207527 obj=10088.73209 diff=0.00041
iter=347 terr=0.00687 serr=0.43375 act=2207527 obj=10086.46475 diff=0.00022
iter=348 terr=0.00689 serr=0.43625 act=2207527 obj=10084.35004 diff=0.00021
iter=349 terr=0.00688 serr=0.43312 act=2207527 obj=10082.17047 diff=0.00022
iter=350 terr=0.00687 serr=0.43188 act=2207527 obj=10080.17814 diff=0.00020
iter=351 terr=0.00676 serr=0.42875 act=2207527 obj=10075.24870 diff=0.00049
iter=352 terr=0.00678 serr=0.42625 act=2207527 obj=10071.62996 diff=0.00036
iter=353 terr=0.00677 serr=0.42688 act=2207527 obj=10067.92838 diff=0.00037
iter=354 terr=0.00670 serr=0.41875 act=2207527 obj=10075.25713 diff=0.00073
iter=355 terr=0.00668 serr=0.42125 act=2207527 obj=10066.44046 diff=0.00088
iter=356 terr=0.00674 serr=0.42625 act=2207527 obj=10063.64989 diff=0.00028
iter=357 terr=0.00667 serr=0.42438 act=2207527 obj=10060.51948 diff=0.00031
iter=358 terr=0.00662 serr=0.42312 act=2207527 obj=10057.35377 diff=0.00031
iter=359 terr=0.00662 serr=0.42250 act=2207527 obj=10053.47250 diff=0.00039
iter=360 terr=0.00667 serr=0.42312 act=2207527 obj=10051.39836 diff=0.00021
iter=361 terr=0.00665 serr=0.42250 act=2207527 obj=10047.46584 diff=0.00039
iter=362 terr=0.00664 serr=0.42250 act=2207527 obj=10044.60932 diff=0.00028
iter=363 terr=0.00667 serr=0.42250 act=2207527 obj=10040.36038 diff=0.00042
iter=364 terr=0.00655 serr=0.41813 act=2207527 obj=10044.11921 diff=0.00037
iter=365 terr=0.00666 serr=0.42312 act=2207527 obj=10039.26180 diff=0.00048
iter=366 terr=0.00664 serr=0.42125 act=2207527 obj=10037.06630 diff=0.00022
iter=367 terr=0.00666 serr=0.42063 act=2207527 obj=10035.29632 diff=0.00018
iter=368 terr=0.00663 serr=0.42125 act=2207527 obj=10032.19169 diff=0.00031
iter=369 terr=0.00660 serr=0.42000 act=2207527 obj=10028.76902 diff=0.00034
iter=370 terr=0.00657 serr=0.41813 act=2207527 obj=10024.18564 diff=0.00046
iter=371 terr=0.00662 serr=0.41500 act=2207527 obj=10020.64294 diff=0.00035
iter=372 terr=0.00654 serr=0.41375 act=2207527 obj=10017.34109 diff=0.00033
iter=373 terr=0.00653 serr=0.41500 act=2207527 obj=10015.78784 diff=0.00016
iter=374 terr=0.00655 serr=0.41250 act=2207527 obj=10013.66304 diff=0.00021
iter=375 terr=0.00650 serr=0.41063 act=2207527 obj=10011.44105 diff=0.00022
iter=376 terr=0.00650 serr=0.41125 act=2207527 obj=10010.02411 diff=0.00014
iter=377 terr=0.00649 serr=0.40875 act=2207527 obj=10005.77760 diff=0.00042
iter=378 terr=0.00657 serr=0.41313 act=2207527 obj=10007.61061 diff=0.00018
iter=379 terr=0.00640 serr=0.40937 act=2207527 obj=10004.06752 diff=0.00035
iter=380 terr=0.00637 serr=0.40625 act=2207527 obj=10001.21779 diff=0.00028
iter=381 terr=0.00630 serr=0.40187 act=2207527 obj=9998.75062 diff=0.00025
iter=382 terr=0.00628 serr=0.39937 act=2207527 obj=9995.63106 diff=0.00031
iter=383 terr=0.00633 serr=0.39750 act=2207527 obj=9993.57046 diff=0.00021
iter=384 terr=0.00630 serr=0.39813 act=2207527 obj=9991.64490 diff=0.00019
iter=385 terr=0.00633 serr=0.40063 act=2207527 obj=9989.24528 diff=0.00024
iter=386 terr=0.00637 serr=0.40125 act=2207527 obj=9987.25152 diff=0.00020
iter=387 terr=0.00643 serr=0.40750 act=2207527 obj=9987.16189 diff=0.00001
iter=388 terr=0.00638 serr=0.40375 act=2207527 obj=9985.86247 diff=0.00013
iter=389 terr=0.00640 serr=0.40187 act=2207527 obj=9984.52315 diff=0.00013
iter=390 terr=0.00642 serr=0.40313 act=2207527 obj=9983.53044 diff=0.00010
iter=391 terr=0.00630 serr=0.39875 act=2207527 obj=9981.86427 diff=0.00017
iter=392 terr=0.00635 serr=0.39937 act=2207527 obj=9980.93646 diff=0.00009
iter=393 terr=0.00626 serr=0.39750 act=2207527 obj=9979.13573 diff=0.00018
iter=394 terr=0.00625 serr=0.39813 act=2207527 obj=9977.67332 diff=0.00015
iter=395 terr=0.00625 serr=0.39687 act=2207527 obj=9976.19556 diff=0.00015
iter=396 terr=0.00628 serr=0.40375 act=2207527 obj=9975.74966 diff=0.00004
iter=397 terr=0.00625 serr=0.40000 act=2207527 obj=9973.07590 diff=0.00027
iter=398 terr=0.00625 serr=0.39563 act=2207527 obj=9972.27188 diff=0.00008
iter=399 terr=0.00625 serr=0.39437 act=2207527 obj=9971.18610 diff=0.00011
iter=400 terr=0.00623 serr=0.39375 act=2207527 obj=9969.50928 diff=0.00017
iter=401 terr=0.00622 serr=0.39250 act=2207527 obj=9967.73260 diff=0.00018
iter=402 terr=0.00624 serr=0.39437 act=2207527 obj=9966.27721 diff=0.00015
iter=403 terr=0.00627 serr=0.39687 act=2207527 obj=9965.26104 diff=0.00010
iter=404 terr=0.00624 serr=0.39563 act=2207527 obj=9963.82954 diff=0.00014
iter=405 terr=0.00626 serr=0.39437 act=2207527 obj=9961.73565 diff=0.00021
iter=406 terr=0.00616 serr=0.39187 act=2207527 obj=9960.18722 diff=0.00016
iter=407 terr=0.00617 serr=0.39250 act=2207527 obj=9959.38530 diff=0.00008
iter=408 terr=0.00615 serr=0.39187 act=2207527 obj=9958.19734 diff=0.00012
iter=409 terr=0.00618 serr=0.39313 act=2207527 obj=9957.34150 diff=0.00009
iter=410 terr=0.00617 serr=0.39313 act=2207527 obj=9956.33791 diff=0.00010
iter=411 terr=0.00613 serr=0.39125 act=2207527 obj=9955.21365 diff=0.00011
iter=412 terr=0.00614 serr=0.39187 act=2207527 obj=9954.08452 diff=0.00011
iter=413 terr=0.00612 serr=0.39063 act=2207527 obj=9952.97854 diff=0.00011
iter=414 terr=0.00606 serr=0.38563 act=2207527 obj=9951.85664 diff=0.00011
iter=415 terr=0.00607 serr=0.38625 act=2207527 obj=9951.30281 diff=0.00006
iter=416 terr=0.00608 serr=0.38750 act=2207527 obj=9950.60056 diff=0.00007
iter=417 terr=0.00609 serr=0.38625 act=2207527 obj=9950.00150 diff=0.00006

Done!2223.86 s

